<?xml version="1.0" encoding="UTF-8"?>
<testsuite name="org.ait.phonebook.LoginTests" tests="1" skipped="0" failures="0" errors="0" timestamp="2023-09-11T19:59:33" hostname="DESKTOP-OS617JJ" time="0.981">
  <properties/>
  <testcase name="loginPositiveTest" classname="org.ait.phonebook.LoginTests" time="0.981"/>
  <system-out><![CDATA[]]></system-out>
  <system-err><![CDATA[]]></system-err>
</testsuite>
